0 info it worked if it ends with ok
1 verbose cli [ 'G:\\install\\nodejs\\node.exe',
1 verbose cli   'G:\\install\\nodejs\\node_modules\\npm\\bin\\npm-cli.js',
1 verbose cli   'run-script',
1 verbose cli   'start' ]
2 info using npm@3.6.0
3 info using node@v5.6.0
4 verbose run-script [ 'prestart', 'start', 'poststart' ]
5 info lifecycle note@1.0.0~prestart: note@1.0.0
6 silly lifecycle note@1.0.0~prestart: no script for prestart, continuing
7 info lifecycle note@1.0.0~start: note@1.0.0
8 verbose lifecycle note@1.0.0~start: unsafe-perm in lifecycle true
9 verbose lifecycle note@1.0.0~start: PATH: G:\install\nodejs\node_modules\npm\bin\node-gyp-bin;G:\install\apache2.4\htdocs\yunser\tool\note\node_modules\.bin;F:\ProgramData\Oracle\Java\javapath;F:\Program Files (x86)\Intel\iCLS Client\;F:\Program Files\Intel\iCLS Client\;F:\Windows\system32;F:\Windows;F:\Windows\System32\Wbem;F:\Windows\System32\WindowsPowerShell\v1.0\;F:\Program Files\Intel\Intel(R) Management Engine Components\DAL;F:\Program Files\Intel\Intel(R) Management Engine Components\IPT;F:\Program Files (x86)\Intel\Intel(R) Management Engine Components\DAL;F:\Program Files (x86)\Intel\Intel(R) Management Engine Components\IPT;F:\Program Files (x86)\Windows Kits\8.1\Windows Performance Toolkit\;F:\Program Files\Microsoft SQL Server\110\Tools\Binn\;F:\Program Files (x86)\Microsoft SDKs\TypeScript\1.0;F:\java\jdk\bin;F:\java\jdk\jre\bin;F:\Python27;F:\NDK;F:\Program Files (x86)\MySQL\MySQL Utilities 1.3.5\;F:\Program Files (x86)\MySQL\MySQL Workbench CE 6.0.8;F:\Program Files\TortoiseSVN\bin;G:\install\nodejs\;%SystemRoot%\system32;%SystemRoot%;%SystemRoot%\System32\Wbem;%SYSTEMROOT%\System32\WindowsPowerShell\v1.0\;G:\install\rubyinstaller\Ruby22-x64\bin;G:\cocos2d-x-3.2alpha0\tools\cocos2d-console\bin;F:\cocos2d-x-2.2.4;F:\apache-ant-1.9.4\bin;F:\NDK;F:\Python27;G:\安卓软件\123\adt-bundle-windows-x86-20140321\sdk\tools;G:\安卓软件\123\adt-bundle-windows-x86-20140321\sdk\platform-tools;F:\maven\bin;F:\Users\cjh1\AppData\Roaming\npm;G:\install\git\Git\bin;G:\install\git\Git\cmd;G:\install\php;G:\install\php\ext;F:\Users\cjh1\AppData\Local\Microsoft\WindowsApps;F:\Users\cjh1\AppData\Local\atom\bin
10 verbose lifecycle note@1.0.0~start: CWD: G:\install\apache2.4\htdocs\yunser\tool\note
11 silly lifecycle note@1.0.0~start: Args: [ '/d /s /c', 'electron .' ]
12 silly lifecycle note@1.0.0~start: Returned: code: 1  signal: null
13 info lifecycle note@1.0.0~start: Failed to exec start script
14 verbose stack Error: note@1.0.0 start: `electron .`
14 verbose stack Exit status 1
14 verbose stack     at EventEmitter.<anonymous> (G:\install\nodejs\node_modules\npm\lib\utils\lifecycle.js:232:16)
14 verbose stack     at emitTwo (events.js:100:13)
14 verbose stack     at EventEmitter.emit (events.js:185:7)
14 verbose stack     at ChildProcess.<anonymous> (G:\install\nodejs\node_modules\npm\lib\utils\spawn.js:24:14)
14 verbose stack     at emitTwo (events.js:100:13)
14 verbose stack     at ChildProcess.emit (events.js:185:7)
14 verbose stack     at maybeClose (internal/child_process.js:827:16)
14 verbose stack     at Process.ChildProcess._handle.onexit (internal/child_process.js:211:5)
15 verbose pkgid note@1.0.0
16 verbose cwd G:\install\apache2.4\htdocs\yunser\tool\note
17 error Windows_NT 10.0.14393
18 error argv "G:\\install\\nodejs\\node.exe" "G:\\install\\nodejs\\node_modules\\npm\\bin\\npm-cli.js" "run-script" "start"
19 error node v5.6.0
20 error npm  v3.6.0
21 error code ELIFECYCLE
22 error note@1.0.0 start: `electron .`
22 error Exit status 1
23 error Failed at the note@1.0.0 start script 'electron .'.
23 error Make sure you have the latest version of node.js and npm installed.
23 error If you do, this is most likely a problem with the note package,
23 error not with npm itself.
23 error Tell the author that this fails on your system:
23 error     electron .
23 error You can get information on how to open an issue for this project with:
23 error     npm bugs note
23 error Or if that isn't available, you can get their info via:
23 error     npm owner ls note
23 error There is likely additional logging output above.
24 verbose exit [ 1, true ]
